{
  "RSpec": {
    "coverage": {
      "/home/ec2-user/environment/Makers/Cesare/views-counter-ruby/spec/feature_test_spec.rb": [
        1,
        null,
        1,
        1,
        1,
        1,
        1,
        null,
        null,
        null,
        1,
        1,
        1,
        1,
        1,
        null,
        null
      ],
      "/home/ec2-user/environment/Makers/Cesare/views-counter-ruby/lib/views_counter.rb": [
        1,
        1,
        null,
        null,
        1,
        1,
        null,
        1,
        8,
        8,
        8,
        8,
        null,
        null,
        1,
        12,
        null,
        null,
        1,
        6,
        6,
        4006,
        null,
        null,
        1,
        6,
        6,
        816,
        null,
        null,
        1,
        6,
        6,
        null,
        null,
        1,
        6,
        6,
        null,
        null,
        1,
        2004,
        4,
        null,
        null,
        1,
        544,
        4,
        null,
        null,
        1,
        3,
        3,
        null,
        null,
        1,
        3,
        3,
        null,
        null
      ],
      "/home/ec2-user/environment/Makers/Cesare/views-counter-ruby/lib/views_parser.rb": [
        null,
        1,
        1,
        null,
        1,
        8,
        null,
        null,
        1,
        12,
        6012,
        null,
        null
      ],
      "/home/ec2-user/environment/Makers/Cesare/views-counter-ruby/lib/views_formatter.rb": [
        null,
        1,
        1,
        3,
        30,
        18,
        null,
        3,
        null,
        null,
        1,
        3,
        27,
        18,
        null,
        3,
        null,
        null
      ],
      "/home/ec2-user/environment/Makers/Cesare/views-counter-ruby/spec/views_counter_spec.rb": [
        1,
        null,
        1,
        7,
        null,
        1,
        1,
        1,
        null,
        null,
        null,
        null,
        null,
        null,
        null,
        1,
        1,
        1,
        null,
        null,
        null,
        null,
        null,
        null,
        null,
        null,
        null,
        1,
        1,
        1,
        null,
        null,
        null,
        null,
        null,
        null,
        null,
        1,
        1,
        1,
        null,
        null,
        null,
        null,
        null,
        null,
        null,
        null,
        null,
        1,
        1,
        1,
        null,
        null,
        null,
        1,
        1,
        1,
        null,
        null,
        null
      ]
    },
    "timestamp": 1551096646
  }
}
